mode: set
_/Users/michaelanderdon/Desktop/Develop/Golang/FastestRoute/src/FastestRoute/main.go:14.13,20.40 4 0
_/Users/michaelanderdon/Desktop/Develop/Golang/FastestRoute/src/FastestRoute/main.go:20.40,24.3 1 0
_/Users/michaelanderdon/Desktop/Develop/Golang/FastestRoute/src/FastestRoute/mapping.go:76.61,79.16 3 0
_/Users/michaelanderdon/Desktop/Develop/Golang/FastestRoute/src/FastestRoute/mapping.go:82.2,82.15 1 0
_/Users/michaelanderdon/Desktop/Develop/Golang/FastestRoute/src/FastestRoute/mapping.go:79.16,81.3 1 0
_/Users/michaelanderdon/Desktop/Develop/Golang/FastestRoute/src/FastestRoute/mapping.go:86.41,88.30 2 0
_/Users/michaelanderdon/Desktop/Develop/Golang/FastestRoute/src/FastestRoute/mapping.go:104.2,104.25 1 0
_/Users/michaelanderdon/Desktop/Develop/Golang/FastestRoute/src/FastestRoute/mapping.go:88.30,90.17 2 0
_/Users/michaelanderdon/Desktop/Develop/Golang/FastestRoute/src/FastestRoute/mapping.go:93.3,95.17 3 0
_/Users/michaelanderdon/Desktop/Develop/Golang/FastestRoute/src/FastestRoute/mapping.go:98.3,99.17 2 0
_/Users/michaelanderdon/Desktop/Develop/Golang/FastestRoute/src/FastestRoute/mapping.go:102.3,102.27 1 0
_/Users/michaelanderdon/Desktop/Develop/Golang/FastestRoute/src/FastestRoute/mapping.go:90.17,91.22 1 0
_/Users/michaelanderdon/Desktop/Develop/Golang/FastestRoute/src/FastestRoute/mapping.go:95.17,96.22 1 0
_/Users/michaelanderdon/Desktop/Develop/Golang/FastestRoute/src/FastestRoute/mapping.go:99.17,100.22 1 0
_/Users/michaelanderdon/Desktop/Develop/Golang/FastestRoute/src/FastestRoute/menu.go:13.24,15.2 1 0
_/Users/michaelanderdon/Desktop/Develop/Golang/FastestRoute/src/FastestRoute/menu.go:18.37,33.30 12 0
_/Users/michaelanderdon/Desktop/Develop/Golang/FastestRoute/src/FastestRoute/menu.go:39.2,41.14 2 0
_/Users/michaelanderdon/Desktop/Develop/Golang/FastestRoute/src/FastestRoute/menu.go:33.30,37.3 3 0
_/Users/michaelanderdon/Desktop/Develop/Golang/FastestRoute/src/FastestRoute/utilities.go:17.34,19.2 1 0
